[2026-05-15 14:41:58] 启动追踪器，监控WiFi: ['ICELAB_5G']
[2026-05-15 14:41:58] ✅ 检测到 ICELAB_5G，开始记录
[2026-05-15 16:02:46] 启动追踪器，监控WiFi: ['ICELAB_5G']
[2026-05-15 16:02:46] ✅ 检测到 ICELAB_5G，开始记录
[2026-05-15 16:08:06] 启动追踪器，监控WiFi: ['ICELAB_5G']
[2026-05-15 16:08:06] ✅ 检测到 ICELAB_5G，开始记录
[2026-05-15 16:16:08] ⏹  会话结束，记录 0.13h → 2026-05-15
[2026-05-15 16:21:03] 启动追踪器，监控WiFi: ['ICELAB_5G']
[2026-05-15 16:21:03] ✅ 检测到 ICELAB_5G，开始记录
[2026-05-15 16:36:03] 启动追踪器，监控WiFi: ['ICELAB_5G']
[2026-05-15 16:36:03] ✅ 检测到 ICELAB_5G，开始记录
[2026-05-15 16:41:04] 🔄 刷新进行中数据 0.08h
[2026-05-15 16:46:33] 启动追踪器，监控WiFi: ['ICELAB_5G']
[2026-05-15 16:46:33] ✅ 检测到 ICELAB_5G，开始记录
[2026-05-15 16:49:22] 启动追踪器，监控WiFi: ['ICELAB_5G']
[2026-05-15 16:49:23] ✅ 检测到 ICELAB_5G，开始记录
[2026-05-15 16:54:24] 🔄 刷新进行中数据 0.08h
[2026-05-15 16:59:25] 🔄 刷新进行中数据 0.17h
[2026-05-15 17:01:36] 退出时保存会话 0.20h
[2026-05-15 23:22:19] 启动追踪器，监控WiFi: ['ICELAB_5G']
[2026-05-16 19:41:14] 启动追踪器，监控WiFi: ['ICELAB_5G']
[2026-05-17 20:07:53] 启动追踪器，监控WiFi: ['ICELAB_5G']
[2026-05-18 09:13:59] 启动追踪器，监控WiFi: ['ICELAB_5G']
[2026-05-18 09:13:59] 已生成上周周报（见日志）
[2026-05-18 10:33:32] 启动追踪器，监控WiFi: ['ICELAB_5G']
[2026-05-18 10:33:32] 已生成上周周报（见日志）
[2026-05-18 10:36:03] ✅ 检测到 5GHz-Rits-1Xauth，开始记录
[2026-05-18 10:39:03] 🔄 刷新进行中数据 0.05h
[2026-05-18 10:44:04] 🔄 刷新进行中数据 0.13h
[2026-05-18 10:49:05] 🔄 刷新进行中数据 0.22h
[2026-05-18 10:54:06] 🔄 刷新进行中数据 0.30h
[2026-05-18 10:59:07] 🔄 刷新进行中数据 0.38h
[2026-05-18 11:04:08] 🔄 刷新进行中数据 0.47h
[2026-05-18 11:09:09] 🔄 刷新进行中数据 0.55h
[2026-05-18 11:17:43] 启动追踪器，监控WiFi: ['ICELAB_5G', '5GHz-Rits-1Xauth']
[2026-05-18 11:17:44] ✅ 检测到 5GHz-Rits-1Xauth，开始记录
[2026-05-18 11:17:44] 已生成上周周报（见日志）
[2026-05-18 11:22:45] 🔄 刷新进行中数据 0.08h
[2026-05-18 11:27:48] 🔄 刷新进行中数据 0.17h
[2026-05-18 11:32:50] 🔄 刷新进行中数据 0.25h
[2026-05-18 11:37:54] 🔄 刷新进行中数据 0.34h
[2026-05-18 11:39:55] ⏹  会话结束，记录 0.37h → 2026-05-18
[2026-05-18 11:43:01] 启动追踪器，监控WiFi: ['ICELAB_5G', '5GHz-Rits-1Xauth']
[2026-05-18 11:43:01] ✅ 检测到 5GHz-Rits-1Xauth，开始记录
[2026-05-18 11:43:01] 已生成上周周报（见日志）
[2026-05-18 11:48:03] 🔄 刷新进行中数据 0.08h
[2026-05-18 11:52:03] 启动追踪器，监控WiFi: ['ICELAB_5G', '5GHz-Rits-1Xauth']
[2026-05-18 11:52:04] ✅ 检测到 5GHz-Rits-1Xauth，开始记录
[2026-05-18 11:52:04] 已生成上周周报（见日志）
[2026-05-18 11:52:42] 启动追踪器，监控WiFi: ['ICELAB_5G', '5GHz-Rits-1Xauth']
[2026-05-18 11:52:42] ✅ 检测到 5GHz-Rits-1Xauth，开始记录
[2026-05-18 11:52:42] 已生成上周周报（见日志）
[2026-05-18 17:16:07] 启动追踪器，监控WiFi: ['ICELAB_5G', '5GHz-Rits-1Xauth']
[2026-05-18 17:16:08] 已生成上周周报（见日志）
[2026-05-20 11:16:23] 启动追踪器，监控WiFi: ['ICELAB_5G', '5GHz-Rits-1Xauth', 'SSID-B3A21B']
[2026-05-20 11:19:06] 启动追踪器，监控WiFi: ['ICELAB_5G', '5GHz-Rits-1Xauth', 'SSID-B40D73']
[2026-05-20 11:19:06] ✅ 检测到 SSID-B40D73，开始记录
[2026-05-20 11:24:07] 🔄 刷新进行中数据 0.08h
[2026-05-20 11:27:48] 退出时保存会话 0.15h
[2026-05-20 11:28:06] 启动追踪器，监控WiFi: ['ICELAB_5G', '5GHz-Rits-1Xauth', 'SSID-B40D73']
[2026-05-20 11:28:06] ✅ 检测到 SSID-B40D73，开始记录
[2026-05-20 11:33:07] 🔄 刷新进行中数据 0.08h
[2026-05-20 11:38:08] 🔄 刷新进行中数据 0.17h
[2026-05-20 11:43:09] 🔄 刷新进行中数据 0.25h
